21:14:53 INFO  : Registering command handlers for SDK TCF services
21:14:54 INFO  : Launching XSCT server: xsct -n -interactive /home/hunters/Vivado/vhdl/uZedFmcLinux/uZedFmcLinux.sdk/temp_xsdb_launch_script.tcl
21:14:56 INFO  : XSCT server has started successfully.
21:14:56 INFO  : Successfully done setting XSCT server connection channel  
21:14:56 INFO  : Successfully done setting SDK workspace  
21:14:56 INFO  : Processing command line option -hwspec /home/hunters/Vivado/vhdl/uZedFmcLinux/uZedFmcLinux.sdk/design_1_wrapper.hdf.
21:32:46 INFO  : Invoking Bootgen: bootgen -image output.bif -arch zynq -o /home/hunters/Vivado/vhdl/uZedFmcLinux/uZedFmcLinux.sdk/sdCard/BOOT.bin
21:32:46 INFO  : Creating new bif file /home/hunters/Vivado/vhdl/uZedFmcLinux/uZedFmcLinux.sdk/sdCard/output.bif
21:32:47 INFO  : Bootgen command execution is done.
22:19:10 INFO  : Launching XSCT server: xsct -n -interactive /home/hunters/Vivado/vhdl/uZedFmcLinux/uZedFmcLinux.sdk/temp_xsdb_launch_script.tcl
22:19:12 INFO  : XSCT server has started successfully.
22:19:12 INFO  : Successfully done setting XSCT server connection channel  
22:19:12 INFO  : Successfully done setting SDK workspace  
22:19:15 INFO  : Registering command handlers for SDK TCF services
22:19:15 INFO  : Processing command line option -hwspec /home/hunters/Vivado/vhdl/uZedFmcLinux/uZedFmcLinux.sdk/design_1_wrapper.hdf.
22:19:16 INFO  : Checking for hwspec changes in the project design_1_wrapper_hw_platform_0.
13:29:19 INFO  : Launching XSCT server: xsct -n -interactive /home/hunters/Vivado/vhdl/uZedFmcLinux/uZedFmcLinux.sdk/temp_xsdb_launch_script.tcl
13:29:20 INFO  : XSCT server has started successfully.
13:29:20 INFO  : Successfully done setting XSCT server connection channel  
13:29:20 INFO  : Successfully done setting SDK workspace  
13:29:23 INFO  : Registering command handlers for SDK TCF services
13:29:23 INFO  : Processing command line option -hwspec /home/hunters/Vivado/vhdl/uZedFmcLinux/uZedFmcLinux.sdk/design_1_wrapper.hdf.
13:29:24 INFO  : Checking for hwspec changes in the project design_1_wrapper_hw_platform_0.
13:29:24 INFO  : SDK has detected change in the last modified timestamps for source hardware specification file Source:1537215768000,  Project:1537156824000
13:29:24 INFO  : The hardware specification for project 'design_1_wrapper_hw_platform_0' is different from /home/hunters/Vivado/vhdl/uZedFmcLinux/uZedFmcLinux.sdk/design_1_wrapper.hdf.
13:29:24 INFO  : Copied contents of /home/hunters/Vivado/vhdl/uZedFmcLinux/uZedFmcLinux.sdk/design_1_wrapper.hdf into /design_1_wrapper_hw_platform_0/system.hdf.
13:29:26 INFO  : Synchronizing projects in the workspace with the hardware platform specification changes.
13:29:27 INFO  : 
13:29:28 INFO  : Updating hardware inferred compiler options for FSBL.
13:29:28 INFO  : Clearing existing target manager status.
13:29:28 INFO  : Closing and re-opening the MSS file of ther project FSBL_bsp
13:29:29 INFO  : Workspace synchronized with the new hardware specification file. Cleaning dependent projects...
13:29:29 WARN  : Linker script will not be updated automatically. Users need to update it manually.
13:35:15 INFO  : Invoking Bootgen: bootgen -image output.bif -arch zynq -o /home/hunters/Vivado/vhdl/uZedFmcLinux/uZedFmcLinux.sdk/sdCard/BOOT.bin -w on
13:35:15 INFO  : Overwriting existing bif file /home/hunters/Vivado/vhdl/uZedFmcLinux/uZedFmcLinux.sdk/sdCard/output.bif
13:35:16 INFO  : Bootgen command execution is done.
18:52:05 INFO  : Launching XSCT server: xsct -n -interactive /home/hunters/Vivado/vhdl/uZedFmcLinux/uZedFmcLinux.sdk/temp_xsdb_launch_script.tcl
18:52:06 INFO  : XSCT server has started successfully.
18:52:06 INFO  : Successfully done setting XSCT server connection channel  
18:52:06 INFO  : Successfully done setting SDK workspace  
18:52:09 INFO  : Registering command handlers for SDK TCF services
18:52:09 INFO  : Processing command line option -hwspec /home/hunters/Vivado/vhdl/uZedFmcLinux/uZedFmcLinux.sdk/design_1_wrapper.hdf.
18:52:10 INFO  : Checking for hwspec changes in the project design_1_wrapper_hw_platform_0.
18:54:20 INFO  : Invoking Bootgen: bootgen -image output.bif -arch zynq -o /home/hunters/Vivado/vhdl/uZedFmcLinux/uZedFmcLinux.sdk/sdCard/BOOT.bin -w on
18:54:20 INFO  : Overwriting existing bif file /home/hunters/Vivado/vhdl/uZedFmcLinux/uZedFmcLinux.sdk/sdCard/output.bif
18:54:21 INFO  : Bootgen command execution is done.
19:10:25 INFO  : Launching XSCT server: xsct -n -interactive /home/hunters/Vivado/vhdl/uZedFmcLinux/uZedFmcLinux.sdk/temp_xsdb_launch_script.tcl
19:10:26 INFO  : XSCT server has started successfully.
19:10:26 INFO  : Successfully done setting XSCT server connection channel  
19:10:26 INFO  : Successfully done setting SDK workspace  
19:10:29 INFO  : Registering command handlers for SDK TCF services
19:10:29 INFO  : Processing command line option -hwspec /home/hunters/Vivado/vhdl/uZedFmcLinux/uZedFmcLinux.sdk/design_1_wrapper.hdf.
19:10:30 INFO  : Checking for hwspec changes in the project design_1_wrapper_hw_platform_0.
19:10:30 INFO  : SDK has detected change in the last modified timestamps for source hardware specification file Source:1537322744000,  Project:1537215768000
19:10:30 INFO  : The hardware specification for project 'design_1_wrapper_hw_platform_0' is different from /home/hunters/Vivado/vhdl/uZedFmcLinux/uZedFmcLinux.sdk/design_1_wrapper.hdf.
19:10:30 INFO  : Copied contents of /home/hunters/Vivado/vhdl/uZedFmcLinux/uZedFmcLinux.sdk/design_1_wrapper.hdf into /design_1_wrapper_hw_platform_0/system.hdf.
19:10:32 INFO  : Synchronizing projects in the workspace with the hardware platform specification changes.
19:10:33 INFO  : 
19:10:34 INFO  : Updating hardware inferred compiler options for FSBL.
19:10:34 INFO  : Clearing existing target manager status.
19:10:34 INFO  : Closing and re-opening the MSS file of ther project FSBL_bsp
19:10:35 INFO  : Workspace synchronized with the new hardware specification file. Cleaning dependent projects...
19:10:36 WARN  : Linker script will not be updated automatically. Users need to update it manually.
19:12:55 INFO  : Invoking Bootgen: bootgen -image output.bif -arch zynq -o /home/hunters/Vivado/vhdl/uZedFmcLinux/uZedFmcLinux.sdk/sdCard/BOOT.bin -w on
19:12:55 INFO  : Overwriting existing bif file /home/hunters/Vivado/vhdl/uZedFmcLinux/uZedFmcLinux.sdk/sdCard/output.bif
19:12:56 INFO  : Bootgen command execution is done.
19:43:12 INFO  : Launching XSCT server: xsct -n -interactive /home/hunters/Vivado/vhdl/uZedFmcLinux/uZedFmcLinux.sdk/temp_xsdb_launch_script.tcl
19:43:13 INFO  : XSCT server has started successfully.
19:43:13 INFO  : Successfully done setting XSCT server connection channel  
19:43:13 INFO  : Successfully done setting SDK workspace  
19:43:16 INFO  : Registering command handlers for SDK TCF services
19:43:16 INFO  : Processing command line option -hwspec /home/hunters/Vivado/vhdl/uZedFmcLinux/uZedFmcLinux.sdk/design_1_wrapper.hdf.
19:43:17 INFO  : Checking for hwspec changes in the project design_1_wrapper_hw_platform_0.
19:43:17 INFO  : SDK has detected change in the last modified timestamps for source hardware specification file Source:1537324956000,  Project:1537322744000
19:43:17 INFO  : The hardware specification for project 'design_1_wrapper_hw_platform_0' is different from /home/hunters/Vivado/vhdl/uZedFmcLinux/uZedFmcLinux.sdk/design_1_wrapper.hdf.
19:43:17 INFO  : Copied contents of /home/hunters/Vivado/vhdl/uZedFmcLinux/uZedFmcLinux.sdk/design_1_wrapper.hdf into /design_1_wrapper_hw_platform_0/system.hdf.
19:43:20 INFO  : Synchronizing projects in the workspace with the hardware platform specification changes.
19:43:21 INFO  : 
19:43:21 INFO  : Updating hardware inferred compiler options for FSBL.
19:43:21 INFO  : Clearing existing target manager status.
19:43:21 INFO  : Closing and re-opening the MSS file of ther project FSBL_bsp
19:43:22 INFO  : Workspace synchronized with the new hardware specification file. Cleaning dependent projects...
19:43:23 WARN  : Linker script will not be updated automatically. Users need to update it manually.
19:44:44 INFO  : Invoking Bootgen: bootgen -image output.bif -arch zynq -o /home/hunters/Vivado/vhdl/uZedFmcLinux/uZedFmcLinux.sdk/sdCard/BOOT.bin
19:44:44 INFO  : Creating new bif file /home/hunters/Vivado/vhdl/uZedFmcLinux/uZedFmcLinux.sdk/sdCard/output.bif
19:44:45 INFO  : Bootgen command execution is done.
19:55:57 INFO  : SDK has detected change in the last modified timestamps for source hardware specification file Source:1537325737000,  Project:1537324956000
19:55:57 INFO  : Project design_1_wrapper_hw_platform_0's source hardware specification located at /home/hunters/Vivado/vhdl/uZedFmcLinux/uZedFmcLinux.sdk/design_1_wrapper.hdf is now different from the local copy.
		 The local copy will be replaced with the source specification and your workspace will be updated.
19:56:15 INFO  : Project design_1_wrapper_hw_platform_0's source hardware specification location will not be monitored anymore.
19:56:48 INFO  : Launching XSCT server: xsct -n -interactive /home/hunters/Vivado/vhdl/uZedFmcLinux/uZedFmcLinux.sdk/temp_xsdb_launch_script.tcl
19:56:49 INFO  : XSCT server has started successfully.
19:56:49 INFO  : Successfully done setting XSCT server connection channel  
19:56:49 INFO  : Successfully done setting SDK workspace  
19:56:52 INFO  : Registering command handlers for SDK TCF services
19:56:52 INFO  : Processing command line option -hwspec /home/hunters/Vivado/vhdl/uZedFmcLinux/uZedFmcLinux.sdk/design_1_wrapper.hdf.
19:58:03 INFO  : Invoking Bootgen: bootgen -image output.bif -arch zynq -o /home/hunters/Vivado/vhdl/uZedFmcLinux/uZedFmcLinux.sdk/sdCard/BOOT.bin
19:58:03 INFO  : Creating new bif file /home/hunters/Vivado/vhdl/uZedFmcLinux/uZedFmcLinux.sdk/sdCard/output.bif
19:58:04 INFO  : Bootgen command execution is done.
20:05:16 INFO  : SDK has detected change in the last modified timestamps for source hardware specification file Source:1537326285000,  Project:1537325737000
20:05:16 INFO  : Project design_1_wrapper_hw_platform_1's source hardware specification located at /home/hunters/Vivado/vhdl/uZedFmcLinux/uZedFmcLinux.sdk/design_1_wrapper.hdf is now different from the local copy.
		 The local copy will be replaced with the source specification and your workspace will be updated.
20:05:21 INFO  : Copied contents of /home/hunters/Vivado/vhdl/uZedFmcLinux/uZedFmcLinux.sdk/design_1_wrapper.hdf into /design_1_wrapper_hw_platform_1/system.hdf.
20:05:23 INFO  : Synchronizing projects in the workspace with the hardware platform specification changes.
20:05:23 INFO  : Clearing existing target manager status.
20:05:23 INFO  : Workspace synchronized with the new hardware specification file. Cleaning dependent projects...
20:05:23 WARN  : Linker script will not be updated automatically. Users need to update it manually.
20:06:36 INFO  : Invoking Bootgen: bootgen -image output.bif -arch zynq -o /home/hunters/Vivado/vhdl/uZedFmcLinux/uZedFmcLinux.sdk/sdCard/BOOT.bin
20:06:36 INFO  : Creating new bif file /home/hunters/Vivado/vhdl/uZedFmcLinux/uZedFmcLinux.sdk/sdCard/output.bif
20:06:37 INFO  : Bootgen command execution is done.
20:12:30 INFO  : Launching XSCT server: xsct -n -interactive /home/hunters/Vivado/vhdl/uZedFmcLinux/uZedFmcLinux.sdk/temp_xsdb_launch_script.tcl
20:12:31 INFO  : XSCT server has started successfully.
20:12:31 INFO  : Successfully done setting XSCT server connection channel  
20:12:31 INFO  : Successfully done setting SDK workspace  
20:12:34 INFO  : Registering command handlers for SDK TCF services
20:12:34 INFO  : Processing command line option -hwspec /home/hunters/Vivado/vhdl/uZedFmcLinux/uZedFmcLinux.sdk/design_1_wrapper.hdf.
20:12:35 INFO  : Checking for hwspec changes in the project design_1_wrapper_hw_platform_1.
20:12:36 INFO  : SDK has detected change in the last modified timestamps for source hardware specification file Source:1537326597000,  Project:1537326285000
20:12:36 INFO  : The hardware specification for project 'design_1_wrapper_hw_platform_1' is different from /home/hunters/Vivado/vhdl/uZedFmcLinux/uZedFmcLinux.sdk/design_1_wrapper.hdf.
20:12:36 INFO  : Copied contents of /home/hunters/Vivado/vhdl/uZedFmcLinux/uZedFmcLinux.sdk/design_1_wrapper.hdf into /design_1_wrapper_hw_platform_1/system.hdf.
20:12:38 INFO  : Synchronizing projects in the workspace with the hardware platform specification changes.
20:12:38 INFO  : Clearing existing target manager status.
20:12:38 INFO  : Workspace synchronized with the new hardware specification file. Cleaning dependent projects...
20:12:38 WARN  : Linker script will not be updated automatically. Users need to update it manually.
20:14:32 INFO  : Invoking Bootgen: bootgen -image output.bif -arch zynq -o /home/hunters/Vivado/vhdl/uZedFmcLinux/uZedFmcLinux.sdk/sdCard/BOOT.bin -w on
20:14:32 INFO  : Overwriting existing bif file /home/hunters/Vivado/vhdl/uZedFmcLinux/uZedFmcLinux.sdk/sdCard/output.bif
20:14:33 INFO  : Bootgen command execution is done.
20:26:17 INFO  : Launching XSCT server: xsct -n -interactive /home/hunters/Vivado/vhdl/uZedFmcLinux/uZedFmcLinux.sdk/temp_xsdb_launch_script.tcl
20:26:18 INFO  : XSCT server has started successfully.
20:26:18 INFO  : Successfully done setting XSCT server connection channel  
20:26:18 INFO  : Successfully done setting SDK workspace  
20:26:21 INFO  : Registering command handlers for SDK TCF services
20:26:22 INFO  : Processing command line option -hwspec /home/hunters/Vivado/vhdl/uZedFmcLinux/uZedFmcLinux.sdk/design_1_wrapper.hdf.
20:26:22 INFO  : Checking for hwspec changes in the project design_1_wrapper_hw_platform_1.
20:26:23 INFO  : SDK has detected change in the last modified timestamps for source hardware specification file Source:1537327388000,  Project:1537326597000
20:26:23 INFO  : The hardware specification for project 'design_1_wrapper_hw_platform_1' is different from /home/hunters/Vivado/vhdl/uZedFmcLinux/uZedFmcLinux.sdk/design_1_wrapper.hdf.
20:26:23 INFO  : Copied contents of /home/hunters/Vivado/vhdl/uZedFmcLinux/uZedFmcLinux.sdk/design_1_wrapper.hdf into /design_1_wrapper_hw_platform_1/system.hdf.
20:26:25 INFO  : Synchronizing projects in the workspace with the hardware platform specification changes.
20:26:25 INFO  : Clearing existing target manager status.
20:26:25 INFO  : Workspace synchronized with the new hardware specification file. Cleaning dependent projects...
20:26:25 WARN  : Linker script will not be updated automatically. Users need to update it manually.
20:28:26 INFO  : Invoking Bootgen: bootgen -image output.bif -arch zynq -o /home/hunters/Vivado/vhdl/uZedFmcLinux/uZedFmcLinux.sdk/sdCard/BOOT.bin
20:28:26 INFO  : Creating new bif file /home/hunters/Vivado/vhdl/uZedFmcLinux/uZedFmcLinux.sdk/sdCard/output.bif
20:28:27 INFO  : Bootgen command execution is done.
20:38:07 INFO  : Invoking Bootgen: bootgen -image output.bif -arch zynq -o /home/hunters/Vivado/vhdl/uZedFmcLinux/uZedFmcLinux.sdk/sdCard/BOOT.bin
20:38:07 INFO  : Creating new bif file /home/hunters/Vivado/vhdl/uZedFmcLinux/uZedFmcLinux.sdk/sdCard/output.bif
20:38:08 INFO  : Bootgen command execution is done.
21:03:11 INFO  : SDK has detected change in the last modified timestamps for source hardware specification file Source:1537329697000,  Project:1537327388000
21:03:11 INFO  : Project design_1_wrapper_hw_platform_1's source hardware specification located at /home/hunters/Vivado/vhdl/uZedFmcLinux/uZedFmcLinux.sdk/design_1_wrapper.hdf is now different from the local copy.
		 The local copy will be replaced with the source specification and your workspace will be updated.
21:03:13 INFO  : Copied contents of /home/hunters/Vivado/vhdl/uZedFmcLinux/uZedFmcLinux.sdk/design_1_wrapper.hdf into /design_1_wrapper_hw_platform_1/system.hdf.
21:03:16 INFO  : Synchronizing projects in the workspace with the hardware platform specification changes.
21:03:16 INFO  : Clearing existing target manager status.
21:03:16 INFO  : Workspace synchronized with the new hardware specification file. Cleaning dependent projects...
21:03:16 WARN  : Linker script will not be updated automatically. Users need to update it manually.
21:03:57 INFO  : Invoking Bootgen: bootgen -image output.bif -arch zynq -o /home/hunters/Vivado/vhdl/uZedFmcLinux/uZedFmcLinux.sdk/sdCard/BOOT.bin -w on
21:03:57 INFO  : Overwriting existing bif file /home/hunters/Vivado/vhdl/uZedFmcLinux/uZedFmcLinux.sdk/sdCard/output.bif
21:03:58 INFO  : Bootgen command execution is done.
